# Segfault observed, running NodeJS v24.14.1 with the flags `--no-maglev` on macOS 26.4.1 with Jest v30.3.0

PID 4377 received SIGSEGV for address: 0x6
0   segfault-handler.node               0x0000000108740ee4 _ZL16segfault_handleriP9__siginfoPv + 288
1   libsystem_platform.dylib            0x000000018d9657a4 _sigtramp + 56
2   node                                0x000000010142ae94 _ZN2v88internal35ClearStaleLeftTrimmedPointerVisitor17VisitRootPointersENS0_4RootEPKcNS0_14FullObjectSlotES5_ + 80
3   node                                0x0000000101365a84 _ZNK2v88internal13InternalFrame7IterateEPNS0_11RootVisitorE + 240
4   node                                0x000000010136a4f8 _ZN2v88internal7Isolate7IterateEPNS0_11RootVisitorEPNS0_14ThreadLocalTopE + 360
5   node                                0x000000010142b294 _ZN2v88internal4Heap12IterateRootsEPNS0_11RootVisitorENS_4base7EnumSetINS0_8SkipRootEiEENS1_16IterateRootsModeE + 928
6   node                                0x0000000101448e58 _ZN2v88internal20MarkCompactCollector9MarkRootsEPNS0_11RootVisitorE + 56
7   node                                0x00000001014448bc _ZN2v88internal20MarkCompactCollector15MarkLiveObjectsEv + 968
8   node                                0x000000010144447c _ZN2v88internal20MarkCompactCollector14CollectGarbageEv + 128
9   node                                0x0000000101424588 _ZN2v88internal4Heap11MarkCompactEv + 416
10  node                                0x0000000101423ecc _ZN2v88internal4Heap24PerformGarbageCollectionENS0_16GarbageCollectorENS0_23GarbageCollectionReasonEPKc + 928
11  node                                0x0000000101436074 _ZZN2v88internal4Heap14CollectGarbageENS0_15AllocationSpaceENS0_23GarbageCollectionReasonENS_15GCCallbackFlagsEENK3$_1clEv + 1164
12  node                                0x0000000101435bd0 _ZN4heap4base5Stack24SetMarkerAndCallbackImplIZN2v88internal4Heap14CollectGarbageENS4_15AllocationSpaceENS4_23GarbageCollectionReasonENS3_15GCCallbackFlagsEE3$_1EEvPS1_PvPKv + 40
13  node                                0x0000000101d556dc PushAllRegistersAndIterateStack + 40
14  node                                0x00000001014201b8 _ZN2v88internal4Heap14CollectGarbageENS0_15AllocationSpaceENS0_23GarbageCollectionReasonENS_15GCCallbackFlagsE + 724
15  node                                0x000000010138a2bc _ZN2v88internal10StackGuard16HandleInterruptsENS1_14InterruptLevelE + 504
16  node                                0x000000010187c060 _ZN2v88internal25Runtime_StackGuardWithGapEiPmPNS0_7IsolateE + 308
17  node                                0x0000000101e46234 Builtins_CEntry_Return1_ArgvOnStack_NoBuiltinExit + 84
18  node                                0x0000000101da9934 Builtins_BaselineOutOfLinePrologue + 116
19  ???                                 0x00000001253a4d58 0x0 + 4919545176
20  node                                0x0000000101da8bec Builtins_InterpreterEntryTrampoline + 268
21  ???                                 0x00000001253a5ce0 0x0 + 4919549152
22  ???                                 0x0000000125595178 0x0 + 4921577848
23  ???                                 0x00000001254f7748 0x0 + 4920932168
24  ???                                 0x00000001255987e8 0x0 + 4921591784
25  node                                0x0000000101da8bec Builtins_InterpreterEntryTrampoline + 268
26  node                                0x0000000101da8bec Builtins_InterpreterEntryTrampoline + 268
27  node                                0x0000000101da8bec Builtins_InterpreterEntryTrampoline + 268
28  node                                0x0000000101da8bec Builtins_InterpreterEntryTrampoline + 268
29  node                                0x0000000101da8bec Builtins_InterpreterEntryTrampoline + 268
30  node                                0x0000000101da8bec Builtins_InterpreterEntryTrampoline + 268
31  node                                0x0000000101da8bec Builtins_InterpreterEntryTrampoline + 268